The system is: Linux - 3.12.24-1-ARCH - armv6l
Compiling the C compiler identification source file "CMakeCCompilerId.c" succeeded.
Compiler: /usr/bin/cc 
Build flags: 
Id flags: 

The output was:
0


Compilation of the C compiler identification source "CMakeCCompilerId.c" produced "a.out"

The C compiler identification is GNU, found in "/home/frans/Documents/cpp/rpicam/objectTracking/build/CMakeFiles/3.0.0/CompilerIdC/a.out"

Compiling the CXX compiler identification source file "CMakeCXXCompilerId.cpp" succeeded.
Compiler: /usr/bin/c++ 
Build flags: 
Id flags: 

The output was:
0


Compilation of the CXX compiler identification source "CMakeCXXCompilerId.cpp" produced "a.out"

The CXX compiler identification is GNU, found in "/home/frans/Documents/cpp/rpicam/objectTracking/build/CMakeFiles/3.0.0/CompilerIdCXX/a.out"

Determining if the C compiler works passed with the following output:
Change Dir: /home/frans/Documents/cpp/rpicam/objectTracking/build/CMakeFiles/CMakeTmp

Run Build Command:"/usr/bin/make" "cmTryCompileExec1145836937/fast"
/usr/bin/make -f CMakeFiles/cmTryCompileExec1145836937.dir/build.make CMakeFiles/cmTryCompileExec1145836937.dir/build
make[1]: Entering directory '/home/frans/Documents/cpp/rpicam/objectTracking/build/CMakeFiles/CMakeTmp'
/usr/bin/cmake -E cmake_progress_report /home/frans/Documents/cpp/rpicam/objectTracking/build/CMakeFiles/CMakeTmp/CMakeFiles 1
Building C object CMakeFiles/cmTryCompileExec1145836937.dir/testCCompiler.c.o
/usr/bin/cc    -o CMakeFiles/cmTryCompileExec1145836937.dir/testCCompiler.c.o   -c /home/frans/Documents/cpp/rpicam/objectTracking/build/CMakeFiles/CMakeTmp/testCCompiler.c
Linking C executable cmTryCompileExec1145836937
/usr/bin/cmake -E cmake_link_script CMakeFiles/cmTryCompileExec1145836937.dir/link.txt --verbose=1
/usr/bin/cc       CMakeFiles/cmTryCompileExec1145836937.dir/testCCompiler.c.o  -o cmTryCompileExec1145836937 -rdynamic 
make[1]: Leaving directory '/home/frans/Documents/cpp/rpicam/objectTracking/build/CMakeFiles/CMakeTmp'


Detecting C compiler ABI info compiled with the following output:
Change Dir: /home/frans/Documents/cpp/rpicam/objectTracking/build/CMakeFiles/CMakeTmp

Run Build Command:"/usr/bin/make" "cmTryCompileExec3287960912/fast"
/usr/bin/make -f CMakeFiles/cmTryCompileExec3287960912.dir/build.make CMakeFiles/cmTryCompileExec3287960912.dir/build
make[1]: Entering directory '/home/frans/Documents/cpp/rpicam/objectTracking/build/CMakeFiles/CMakeTmp'
/usr/bin/cmake -E cmake_progress_report /home/frans/Documents/cpp/rpicam/objectTracking/build/CMakeFiles/CMakeTmp/CMakeFiles 1
Building C object CMakeFiles/cmTryCompileExec3287960912.dir/CMakeCCompilerABI.c.o
/usr/bin/cc    -o CMakeFiles/cmTryCompileExec3287960912.dir/CMakeCCompilerABI.c.o   -c /usr/share/cmake-3.0/Modules/CMakeCCompilerABI.c
Linking C executable cmTryCompileExec3287960912
/usr/bin/cmake -E cmake_link_script CMakeFiles/cmTryCompileExec3287960912.dir/link.txt --verbose=1
/usr/bin/cc     -v CMakeFiles/cmTryCompileExec3287960912.dir/CMakeCCompilerABI.c.o  -o cmTryCompileExec3287960912 -rdynamic  
Using built-in specs.
COLLECT_GCC=/usr/bin/cc
COLLECT_LTO_WRAPPER=/usr/lib/gcc/armv6l-unknown-linux-gnueabihf/4.8.2/lto-wrapper
Target: armv6l-unknown-linux-gnueabihf
Configured with: /build/gcc/src/gcc-4.8-20131219/configure --prefix=/usr --libdir=/usr/lib --libexecdir=/usr/lib --mandir=/usr/share/man --infodir=/usr/share/info --with-bugurl=https://github.com/archlinuxarm/PKGBUILDs/issues --enable-languages=c,c++,fortran,go,lto,objc,obj-c++ --enable-shared --enable-threads=posix --with-system-zlib --enable-__cxa_atexit --disable-libunwind-exceptions --enable-clocale=gnu --disable-libstdcxx-pch --disable-libssp --enable-gnu-unique-object --enable-linker-build-id --enable-cloog-backend=isl --disable-cloog-version-check --enable-lto --enable-plugin --enable-install-libiberty --with-linker-hash-style=gnu --disable-multilib --disable-werror --enable-checking=release --host=armv6l-unknown-linux-gnueabihf --build=armv6l-unknown-linux-gnueabihf --with-arch=armv6 --with-float=hard --with-fpu=vfp
Thread model: posix
gcc version 4.8.2 20131219 (prerelease) (GCC) 
COMPILER_PATH=/usr/lib/gcc/armv6l-unknown-linux-gnueabihf/4.8.2/:/usr/lib/gcc/armv6l-unknown-linux-gnueabihf/4.8.2/:/usr/lib/gcc/armv6l-unknown-linux-gnueabihf/:/usr/lib/gcc/armv6l-unknown-linux-gnueabihf/4.8.2/:/usr/lib/gcc/armv6l-unknown-linux-gnueabihf/
LIBRARY_PATH=/usr/lib/gcc/armv6l-unknown-linux-gnueabihf/4.8.2/:/usr/lib/gcc/armv6l-unknown-linux-gnueabihf/4.8.2/../../../:/lib/:/usr/lib/
COLLECT_GCC_OPTIONS='-v' '-o' 'cmTryCompileExec3287960912' '-rdynamic' '-march=armv6' '-mfloat-abi=hard' '-mfpu=vfp' '-mtls-dialect=gnu'
 /usr/lib/gcc/armv6l-unknown-linux-gnueabihf/4.8.2/collect2 --build-id --eh-frame-hdr --hash-style=gnu -export-dynamic -dynamic-linker /lib/ld-linux-armhf.so.3 -X -m armelf_linux_eabi -o cmTryCompileExec3287960912 /usr/lib/gcc/armv6l-unknown-linux-gnueabihf/4.8.2/../../../crt1.o /usr/lib/gcc/armv6l-unknown-linux-gnueabihf/4.8.2/../../../crti.o /usr/lib/gcc/armv6l-unknown-linux-gnueabihf/4.8.2/crtbegin.o -L/usr/lib/gcc/armv6l-unknown-linux-gnueabihf/4.8.2 -L/usr/lib/gcc/armv6l-unknown-linux-gnueabihf/4.8.2/../../.. CMakeFiles/cmTryCompileExec3287960912.dir/CMakeCCompilerABI.c.o -lgcc --as-needed -lgcc_s --no-as-needed -lc -lgcc --as-needed -lgcc_s --no-as-needed /usr/lib/gcc/armv6l-unknown-linux-gnueabihf/4.8.2/crtend.o /usr/lib/gcc/armv6l-unknown-linux-gnueabihf/4.8.2/../../../crtn.o
make[1]: Leaving directory '/home/frans/Documents/cpp/rpicam/objectTracking/build/CMakeFiles/CMakeTmp'


Parsed C implicit link information from above output:
  link line regex: [^( *|.*[/\])(ld|([^/\]+-)?ld|collect2)[^/\]*( |$)]
  ignore line: [Change Dir: /home/frans/Documents/cpp/rpicam/objectTracking/build/CMakeFiles/CMakeTmp]
  ignore line: []
  ignore line: [Run Build Command:"/usr/bin/make" "cmTryCompileExec3287960912/fast"]
  ignore line: [/usr/bin/make -f CMakeFiles/cmTryCompileExec3287960912.dir/build.make CMakeFiles/cmTryCompileExec3287960912.dir/build]
  ignore line: [make[1]: Entering directory '/home/frans/Documents/cpp/rpicam/objectTracking/build/CMakeFiles/CMakeTmp']
  ignore line: [/usr/bin/cmake -E cmake_progress_report /home/frans/Documents/cpp/rpicam/objectTracking/build/CMakeFiles/CMakeTmp/CMakeFiles 1]
  ignore line: [Building C object CMakeFiles/cmTryCompileExec3287960912.dir/CMakeCCompilerABI.c.o]
  ignore line: [/usr/bin/cc    -o CMakeFiles/cmTryCompileExec3287960912.dir/CMakeCCompilerABI.c.o   -c /usr/share/cmake-3.0/Modules/CMakeCCompilerABI.c]
  ignore line: [Linking C executable cmTryCompileExec3287960912]
  ignore line: [/usr/bin/cmake -E cmake_link_script CMakeFiles/cmTryCompileExec3287960912.dir/link.txt --verbose=1]
  ignore line: [/usr/bin/cc     -v CMakeFiles/cmTryCompileExec3287960912.dir/CMakeCCompilerABI.c.o  -o cmTryCompileExec3287960912 -rdynamic  ]
  ignore line: [Using built-in specs.]
  ignore line: [COLLECT_GCC=/usr/bin/cc]
  ignore line: [COLLECT_LTO_WRAPPER=/usr/lib/gcc/armv6l-unknown-linux-gnueabihf/4.8.2/lto-wrapper]
  ignore line: [Target: armv6l-unknown-linux-gnueabihf]
  ignore line: [Configured with: /build/gcc/src/gcc-4.8-20131219/configure --prefix=/usr --libdir=/usr/lib --libexecdir=/usr/lib --mandir=/usr/share/man --infodir=/usr/share/info --with-bugurl=https://github.com/archlinuxarm/PKGBUILDs/issues --enable-languages=c,c++,fortran,go,lto,objc,obj-c++ --enable-shared --enable-threads=posix --with-system-zlib --enable-__cxa_atexit --disable-libunwind-exceptions --enable-clocale=gnu --disable-libstdcxx-pch --disable-libssp --enable-gnu-unique-object --enable-linker-build-id --enable-cloog-backend=isl --disable-cloog-version-check --enable-lto --enable-plugin --enable-install-libiberty --with-linker-hash-style=gnu --disable-multilib --disable-werror --enable-checking=release --host=armv6l-unknown-linux-gnueabihf --build=armv6l-unknown-linux-gnueabihf --with-arch=armv6 --with-float=hard --with-fpu=vfp]
  ignore line: [Thread model: posix]
  ignore line: [gcc version 4.8.2 20131219 (prerelease) (GCC) ]
  ignore line: [COMPILER_PATH=/usr/lib/gcc/armv6l-unknown-linux-gnueabihf/4.8.2/:/usr/lib/gcc/armv6l-unknown-linux-gnueabihf/4.8.2/:/usr/lib/gcc/armv6l-unknown-linux-gnueabihf/:/usr/lib/gcc/armv6l-unknown-linux-gnueabihf/4.8.2/:/usr/lib/gcc/armv6l-unknown-linux-gnueabihf/]
  ignore line: [LIBRARY_PATH=/usr/lib/gcc/armv6l-unknown-linux-gnueabihf/4.8.2/:/usr/lib/gcc/armv6l-unknown-linux-gnueabihf/4.8.2/../../../:/lib/:/usr/lib/]
  ignore line: [COLLECT_GCC_OPTIONS='-v' '-o' 'cmTryCompileExec3287960912' '-rdynamic' '-march=armv6' '-mfloat-abi=hard' '-mfpu=vfp' '-mtls-dialect=gnu']
  link line: [ /usr/lib/gcc/armv6l-unknown-linux-gnueabihf/4.8.2/collect2 --build-id --eh-frame-hdr --hash-style=gnu -export-dynamic -dynamic-linker /lib/ld-linux-armhf.so.3 -X -m armelf_linux_eabi -o cmTryCompileExec3287960912 /usr/lib/gcc/armv6l-unknown-linux-gnueabihf/4.8.2/../../../crt1.o /usr/lib/gcc/armv6l-unknown-linux-gnueabihf/4.8.2/../../../crti.o /usr/lib/gcc/armv6l-unknown-linux-gnueabihf/4.8.2/crtbegin.o -L/usr/lib/gcc/armv6l-unknown-linux-gnueabihf/4.8.2 -L/usr/lib/gcc/armv6l-unknown-linux-gnueabihf/4.8.2/../../.. CMakeFiles/cmTryCompileExec3287960912.dir/CMakeCCompilerABI.c.o -lgcc --as-needed -lgcc_s --no-as-needed -lc -lgcc --as-needed -lgcc_s --no-as-needed /usr/lib/gcc/armv6l-unknown-linux-gnueabihf/4.8.2/crtend.o /usr/lib/gcc/armv6l-unknown-linux-gnueabihf/4.8.2/../../../crtn.o]
    arg [/usr/lib/gcc/armv6l-unknown-linux-gnueabihf/4.8.2/collect2] ==> ignore
    arg [--build-id] ==> ignore
    arg [--eh-frame-hdr] ==> ignore
    arg [--hash-style=gnu] ==> ignore
    arg [-export-dynamic] ==> ignore
    arg [-dynamic-linker] ==> ignore
    arg [/lib/ld-linux-armhf.so.3] ==> ignore
    arg [-X] ==> ignore
    arg [-m] ==> ignore
    arg [armelf_linux_eabi] ==> ignore
    arg [-o] ==> ignore
    arg [cmTryCompileExec3287960912] ==> ignore
    arg [/usr/lib/gcc/armv6l-unknown-linux-gnueabihf/4.8.2/../../../crt1.o] ==> ignore
    arg [/usr/lib/gcc/armv6l-unknown-linux-gnueabihf/4.8.2/../../../crti.o] ==> ignore
    arg [/usr/lib/gcc/armv6l-unknown-linux-gnueabihf/4.8.2/crtbegin.o] ==> ignore
    arg [-L/usr/lib/gcc/armv6l-unknown-linux-gnueabihf/4.8.2] ==> dir [/usr/lib/gcc/armv6l-unknown-linux-gnueabihf/4.8.2]
    arg [-L/usr/lib/gcc/armv6l-unknown-linux-gnueabihf/4.8.2/../../..] ==> dir [/usr/lib/gcc/armv6l-unknown-linux-gnueabihf/4.8.2/../../..]
    arg [CMakeFiles/cmTryCompileExec3287960912.dir/CMakeCCompilerABI.c.o] ==> ignore
    arg [-lgcc] ==> lib [gcc]
    arg [--as-needed] ==> ignore
    arg [-lgcc_s] ==> lib [gcc_s]
    arg [--no-as-needed] ==> ignore
    arg [-lc] ==> lib [c]
    arg [-lgcc] ==> lib [gcc]
    arg [--as-needed] ==> ignore
    arg [-lgcc_s] ==> lib [gcc_s]
    arg [--no-as-needed] ==> ignore
    arg [/usr/lib/gcc/armv6l-unknown-linux-gnueabihf/4.8.2/crtend.o] ==> ignore
    arg [/usr/lib/gcc/armv6l-unknown-linux-gnueabihf/4.8.2/../../../crtn.o] ==> ignore
  remove lib [gcc]
  remove lib [gcc_s]
  remove lib [gcc]
  remove lib [gcc_s]
  collapse library dir [/usr/lib/gcc/armv6l-unknown-linux-gnueabihf/4.8.2] ==> [/usr/lib/gcc/armv6l-unknown-linux-gnueabihf/4.8.2]
  collapse library dir [/usr/lib/gcc/armv6l-unknown-linux-gnueabihf/4.8.2/../../..] ==> [/usr/lib]
  implicit libs: [c]
  implicit dirs: [/usr/lib/gcc/armv6l-unknown-linux-gnueabihf/4.8.2;/usr/lib]
  implicit fwks: []


Determining if the CXX compiler works passed with the following output:
Change Dir: /home/frans/Documents/cpp/rpicam/objectTracking/build/CMakeFiles/CMakeTmp

Run Build Command:"/usr/bin/make" "cmTryCompileExec543096818/fast"
/usr/bin/make -f CMakeFiles/cmTryCompileExec543096818.dir/build.make CMakeFiles/cmTryCompileExec543096818.dir/build
make[1]: Entering directory '/home/frans/Documents/cpp/rpicam/objectTracking/build/CMakeFiles/CMakeTmp'
/usr/bin/cmake -E cmake_progress_report /home/frans/Documents/cpp/rpicam/objectTracking/build/CMakeFiles/CMakeTmp/CMakeFiles 1
Building CXX object CMakeFiles/cmTryCompileExec543096818.dir/testCXXCompiler.cxx.o
/usr/bin/c++     -o CMakeFiles/cmTryCompileExec543096818.dir/testCXXCompiler.cxx.o -c /home/frans/Documents/cpp/rpicam/objectTracking/build/CMakeFiles/CMakeTmp/testCXXCompiler.cxx
Linking CXX executable cmTryCompileExec543096818
/usr/bin/cmake -E cmake_link_script CMakeFiles/cmTryCompileExec543096818.dir/link.txt --verbose=1
/usr/bin/c++        CMakeFiles/cmTryCompileExec543096818.dir/testCXXCompiler.cxx.o  -o cmTryCompileExec543096818 -rdynamic 
make[1]: Leaving directory '/home/frans/Documents/cpp/rpicam/objectTracking/build/CMakeFiles/CMakeTmp'


Detecting CXX compiler ABI info compiled with the following output:
Change Dir: /home/frans/Documents/cpp/rpicam/objectTracking/build/CMakeFiles/CMakeTmp

Run Build Command:"/usr/bin/make" "cmTryCompileExec357407925/fast"
/usr/bin/make -f CMakeFiles/cmTryCompileExec357407925.dir/build.make CMakeFiles/cmTryCompileExec357407925.dir/build
make[1]: Entering directory '/home/frans/Documents/cpp/rpicam/objectTracking/build/CMakeFiles/CMakeTmp'
/usr/bin/cmake -E cmake_progress_report /home/frans/Documents/cpp/rpicam/objectTracking/build/CMakeFiles/CMakeTmp/CMakeFiles 1
Building CXX object CMakeFiles/cmTryCompileExec357407925.dir/CMakeCXXCompilerABI.cpp.o
/usr/bin/c++     -o CMakeFiles/cmTryCompileExec357407925.dir/CMakeCXXCompilerABI.cpp.o -c /usr/share/cmake-3.0/Modules/CMakeCXXCompilerABI.cpp
Linking CXX executable cmTryCompileExec357407925
/usr/bin/cmake -E cmake_link_script CMakeFiles/cmTryCompileExec357407925.dir/link.txt --verbose=1
/usr/bin/c++      -v CMakeFiles/cmTryCompileExec357407925.dir/CMakeCXXCompilerABI.cpp.o  -o cmTryCompileExec357407925 -rdynamic  
Using built-in specs.
COLLECT_GCC=/usr/bin/c++
COLLECT_LTO_WRAPPER=/usr/lib/gcc/armv6l-unknown-linux-gnueabihf/4.8.2/lto-wrapper
Target: armv6l-unknown-linux-gnueabihf
Configured with: /build/gcc/src/gcc-4.8-20131219/configure --prefix=/usr --libdir=/usr/lib --libexecdir=/usr/lib --mandir=/usr/share/man --infodir=/usr/share/info --with-bugurl=https://github.com/archlinuxarm/PKGBUILDs/issues --enable-languages=c,c++,fortran,go,lto,objc,obj-c++ --enable-shared --enable-threads=posix --with-system-zlib --enable-__cxa_atexit --disable-libunwind-exceptions --enable-clocale=gnu --disable-libstdcxx-pch --disable-libssp --enable-gnu-unique-object --enable-linker-build-id --enable-cloog-backend=isl --disable-cloog-version-check --enable-lto --enable-plugin --enable-install-libiberty --with-linker-hash-style=gnu --disable-multilib --disable-werror --enable-checking=release --host=armv6l-unknown-linux-gnueabihf --build=armv6l-unknown-linux-gnueabihf --with-arch=armv6 --with-float=hard --with-fpu=vfp
Thread model: posix
gcc version 4.8.2 20131219 (prerelease) (GCC) 
COMPILER_PATH=/usr/lib/gcc/armv6l-unknown-linux-gnueabihf/4.8.2/:/usr/lib/gcc/armv6l-unknown-linux-gnueabihf/4.8.2/:/usr/lib/gcc/armv6l-unknown-linux-gnueabihf/:/usr/lib/gcc/armv6l-unknown-linux-gnueabihf/4.8.2/:/usr/lib/gcc/armv6l-unknown-linux-gnueabihf/
LIBRARY_PATH=/usr/lib/gcc/armv6l-unknown-linux-gnueabihf/4.8.2/:/usr/lib/gcc/armv6l-unknown-linux-gnueabihf/4.8.2/../../../:/lib/:/usr/lib/
COLLECT_GCC_OPTIONS='-v' '-o' 'cmTryCompileExec357407925' '-rdynamic' '-shared-libgcc' '-march=armv6' '-mfloat-abi=hard' '-mfpu=vfp' '-mtls-dialect=gnu'
 /usr/lib/gcc/armv6l-unknown-linux-gnueabihf/4.8.2/collect2 --build-id --eh-frame-hdr --hash-style=gnu -export-dynamic -dynamic-linker /lib/ld-linux-armhf.so.3 -X -m armelf_linux_eabi -o cmTryCompileExec357407925 /usr/lib/gcc/armv6l-unknown-linux-gnueabihf/4.8.2/../../../crt1.o /usr/lib/gcc/armv6l-unknown-linux-gnueabihf/4.8.2/../../../crti.o /usr/lib/gcc/armv6l-unknown-linux-gnueabihf/4.8.2/crtbegin.o -L/usr/lib/gcc/armv6l-unknown-linux-gnueabihf/4.8.2 -L/usr/lib/gcc/armv6l-unknown-linux-gnueabihf/4.8.2/../../.. CMakeFiles/cmTryCompileExec357407925.dir/CMakeCXXCompilerABI.cpp.o -lstdc++ -lm -lgcc_s -lgcc -lc -lgcc_s -lgcc /usr/lib/gcc/armv6l-unknown-linux-gnueabihf/4.8.2/crtend.o /usr/lib/gcc/armv6l-unknown-linux-gnueabihf/4.8.2/../../../crtn.o
make[1]: Leaving directory '/home/frans/Documents/cpp/rpicam/objectTracking/build/CMakeFiles/CMakeTmp'


Parsed CXX implicit link information from above output:
  link line regex: [^( *|.*[/\])(ld|([^/\]+-)?ld|collect2)[^/\]*( |$)]
  ignore line: [Change Dir: /home/frans/Documents/cpp/rpicam/objectTracking/build/CMakeFiles/CMakeTmp]
  ignore line: []
  ignore line: [Run Build Command:"/usr/bin/make" "cmTryCompileExec357407925/fast"]
  ignore line: [/usr/bin/make -f CMakeFiles/cmTryCompileExec357407925.dir/build.make CMakeFiles/cmTryCompileExec357407925.dir/build]
  ignore line: [make[1]: Entering directory '/home/frans/Documents/cpp/rpicam/objectTracking/build/CMakeFiles/CMakeTmp']
  ignore line: [/usr/bin/cmake -E cmake_progress_report /home/frans/Documents/cpp/rpicam/objectTracking/build/CMakeFiles/CMakeTmp/CMakeFiles 1]
  ignore line: [Building CXX object CMakeFiles/cmTryCompileExec357407925.dir/CMakeCXXCompilerABI.cpp.o]
  ignore line: [/usr/bin/c++     -o CMakeFiles/cmTryCompileExec357407925.dir/CMakeCXXCompilerABI.cpp.o -c /usr/share/cmake-3.0/Modules/CMakeCXXCompilerABI.cpp]
  ignore line: [Linking CXX executable cmTryCompileExec357407925]
  ignore line: [/usr/bin/cmake -E cmake_link_script CMakeFiles/cmTryCompileExec357407925.dir/link.txt --verbose=1]
  ignore line: [/usr/bin/c++      -v CMakeFiles/cmTryCompileExec357407925.dir/CMakeCXXCompilerABI.cpp.o  -o cmTryCompileExec357407925 -rdynamic  ]
  ignore line: [Using built-in specs.]
  ignore line: [COLLECT_GCC=/usr/bin/c++]
  ignore line: [COLLECT_LTO_WRAPPER=/usr/lib/gcc/armv6l-unknown-linux-gnueabihf/4.8.2/lto-wrapper]
  ignore line: [Target: armv6l-unknown-linux-gnueabihf]
  ignore line: [Configured with: /build/gcc/src/gcc-4.8-20131219/configure --prefix=/usr --libdir=/usr/lib --libexecdir=/usr/lib --mandir=/usr/share/man --infodir=/usr/share/info --with-bugurl=https://github.com/archlinuxarm/PKGBUILDs/issues --enable-languages=c,c++,fortran,go,lto,objc,obj-c++ --enable-shared --enable-threads=posix --with-system-zlib --enable-__cxa_atexit --disable-libunwind-exceptions --enable-clocale=gnu --disable-libstdcxx-pch --disable-libssp --enable-gnu-unique-object --enable-linker-build-id --enable-cloog-backend=isl --disable-cloog-version-check --enable-lto --enable-plugin --enable-install-libiberty --with-linker-hash-style=gnu --disable-multilib --disable-werror --enable-checking=release --host=armv6l-unknown-linux-gnueabihf --build=armv6l-unknown-linux-gnueabihf --with-arch=armv6 --with-float=hard --with-fpu=vfp]
  ignore line: [Thread model: posix]
  ignore line: [gcc version 4.8.2 20131219 (prerelease) (GCC) ]
  ignore line: [COMPILER_PATH=/usr/lib/gcc/armv6l-unknown-linux-gnueabihf/4.8.2/:/usr/lib/gcc/armv6l-unknown-linux-gnueabihf/4.8.2/:/usr/lib/gcc/armv6l-unknown-linux-gnueabihf/:/usr/lib/gcc/armv6l-unknown-linux-gnueabihf/4.8.2/:/usr/lib/gcc/armv6l-unknown-linux-gnueabihf/]
  ignore line: [LIBRARY_PATH=/usr/lib/gcc/armv6l-unknown-linux-gnueabihf/4.8.2/:/usr/lib/gcc/armv6l-unknown-linux-gnueabihf/4.8.2/../../../:/lib/:/usr/lib/]
  ignore line: [COLLECT_GCC_OPTIONS='-v' '-o' 'cmTryCompileExec357407925' '-rdynamic' '-shared-libgcc' '-march=armv6' '-mfloat-abi=hard' '-mfpu=vfp' '-mtls-dialect=gnu']
  link line: [ /usr/lib/gcc/armv6l-unknown-linux-gnueabihf/4.8.2/collect2 --build-id --eh-frame-hdr --hash-style=gnu -export-dynamic -dynamic-linker /lib/ld-linux-armhf.so.3 -X -m armelf_linux_eabi -o cmTryCompileExec357407925 /usr/lib/gcc/armv6l-unknown-linux-gnueabihf/4.8.2/../../../crt1.o /usr/lib/gcc/armv6l-unknown-linux-gnueabihf/4.8.2/../../../crti.o /usr/lib/gcc/armv6l-unknown-linux-gnueabihf/4.8.2/crtbegin.o -L/usr/lib/gcc/armv6l-unknown-linux-gnueabihf/4.8.2 -L/usr/lib/gcc/armv6l-unknown-linux-gnueabihf/4.8.2/../../.. CMakeFiles/cmTryCompileExec357407925.dir/CMakeCXXCompilerABI.cpp.o -lstdc++ -lm -lgcc_s -lgcc -lc -lgcc_s -lgcc /usr/lib/gcc/armv6l-unknown-linux-gnueabihf/4.8.2/crtend.o /usr/lib/gcc/armv6l-unknown-linux-gnueabihf/4.8.2/../../../crtn.o]
    arg [/usr/lib/gcc/armv6l-unknown-linux-gnueabihf/4.8.2/collect2] ==> ignore
    arg [--build-id] ==> ignore
    arg [--eh-frame-hdr] ==> ignore
    arg [--hash-style=gnu] ==> ignore
    arg [-export-dynamic] ==> ignore
    arg [-dynamic-linker] ==> ignore
    arg [/lib/ld-linux-armhf.so.3] ==> ignore
    arg [-X] ==> ignore
    arg [-m] ==> ignore
    arg [armelf_linux_eabi] ==> ignore
    arg [-o] ==> ignore
    arg [cmTryCompileExec357407925] ==> ignore
    arg [/usr/lib/gcc/armv6l-unknown-linux-gnueabihf/4.8.2/../../../crt1.o] ==> ignore
    arg [/usr/lib/gcc/armv6l-unknown-linux-gnueabihf/4.8.2/../../../crti.o] ==> ignore
    arg [/usr/lib/gcc/armv6l-unknown-linux-gnueabihf/4.8.2/crtbegin.o] ==> ignore
    arg [-L/usr/lib/gcc/armv6l-unknown-linux-gnueabihf/4.8.2] ==> dir [/usr/lib/gcc/armv6l-unknown-linux-gnueabihf/4.8.2]
    arg [-L/usr/lib/gcc/armv6l-unknown-linux-gnueabihf/4.8.2/../../..] ==> dir [/usr/lib/gcc/armv6l-unknown-linux-gnueabihf/4.8.2/../../..]
    arg [CMakeFiles/cmTryCompileExec357407925.dir/CMakeCXXCompilerABI.cpp.o] ==> ignore
    arg [-lstdc++] ==> lib [stdc++]
    arg [-lm] ==> lib [m]
    arg [-lgcc_s] ==> lib [gcc_s]
    arg [-lgcc] ==> lib [gcc]
    arg [-lc] ==> lib [c]
    arg [-lgcc_s] ==> lib [gcc_s]
    arg [-lgcc] ==> lib [gcc]
    arg [/usr/lib/gcc/armv6l-unknown-linux-gnueabihf/4.8.2/crtend.o] ==> ignore
    arg [/usr/lib/gcc/armv6l-unknown-linux-gnueabihf/4.8.2/../../../crtn.o] ==> ignore
  remove lib [gcc_s]
  remove lib [gcc]
  remove lib [gcc_s]
  remove lib [gcc]
  collapse library dir [/usr/lib/gcc/armv6l-unknown-linux-gnueabihf/4.8.2] ==> [/usr/lib/gcc/armv6l-unknown-linux-gnueabihf/4.8.2]
  collapse library dir [/usr/lib/gcc/armv6l-unknown-linux-gnueabihf/4.8.2/../../..] ==> [/usr/lib]
  implicit libs: [stdc++;m;c]
  implicit dirs: [/usr/lib/gcc/armv6l-unknown-linux-gnueabihf/4.8.2;/usr/lib]
  implicit fwks: []


